<?xml version="1.0" encoding="UTF-8"?>
<!-- Generated by org.testng.reporters.JUnitReportReporter -->
<testsuite hostname="DESKTOP-N1QDEH3" failures="0" tests="4" name="tests.LogoutTests" time="3.648" errors="0" timestamp="2023-09-20T11:49:38 BDT" skipped="0">
  <testcase classname="tests.LogoutTests" name="loginToSauceDemo" time="2.909"/>
  <system-out/>
  <testcase classname="tests.LogoutTests" name="AddToCart" time="0.233"/>
  <system-out/>
  <testcase classname="tests.LogoutTests" name="checkout" time="0.359"/>
  <system-out/>
  <testcase classname="tests.LogoutTests" name="LogoutFromSauceDemo" time="0.147"/>
  <system-out/>
</testsuite> <!-- tests.LogoutTests -->
