<?xml version="1.0" encoding="UTF-8"?>
<!-- Generated by org.testng.reporters.JUnitReportReporter -->
<testsuite hostname="DESKTOP-N1QDEH3" failures="0" tests="3" name="tests.CheckoutTest" time="2.786" errors="0" timestamp="2023-09-20T11:48:28 BDT" skipped="0">
  <testcase classname="tests.CheckoutTest" name="loginToSauceDemo" time="1.961"/>
  <system-out/>
  <testcase classname="tests.CheckoutTest" name="AddToCart" time="0.273"/>
  <system-out/>
  <testcase classname="tests.CheckoutTest" name="checkout" time="0.552"/>
  <system-out/>
</testsuite> <!-- tests.CheckoutTest -->
